Mon Apr 14 14:44:24 CEST 2025
Total number of species in mechanism: 77
fpR: 0x2b4d2d0
maxLenOfString: 128
Buffer.name: H2
nOfAtoms: 5
Buffer.composition>vec[i]: 0x2b56b40
Buffer.dCoeff->vec[i]: 0.00219967
Species number: 0
...
Buffer.name: H
nOfAtoms: 5
Buffer.composition>vec[i]: 0x2b5c870
Buffer.dCoeff->vec[i]: 0.00631147
Species number: 1
...
Buffer.name: O
nOfAtoms: 5
Buffer.composition>vec[i]: 0x2b57c60
Buffer.dCoeff->vec[i]: 0.000880326
Species number: 2
...
Buffer.name: O2
nOfAtoms: 5
Buffer.composition>vec[i]: 0x2b581c0
Buffer.dCoeff->vec[i]: 0.00039368
Species number: 3
...
Buffer.name: OH
nOfAtoms: 5
Buffer.composition>vec[i]: 0x2b61b80
Buffer.dCoeff->vec[i]: 0.000853841
Species number: 4
...
Buffer.name: H2O
nOfAtoms: 5
Buffer.composition>vec[i]: 0x2b581a0
Buffer.dCoeff->vec[i]: 0.000924537
Species number: 5
...
Buffer.name: HO2
nOfAtoms: 5
Buffer.composition>vec[i]: 0x2b65830
Buffer.dCoeff->vec[i]: 0.000387623
Species number: 6
...
Buffer.name: H2O2
nOfAtoms: 5
Buffer.composition>vec[i]: 0x2b671f0
Buffer.dCoeff->vec[i]: 0.000381836
Species number: 7
...
Buffer.name: C
nOfAtoms: 5
Buffer.composition>vec[i]: 0x2b68bf0
Buffer.dCoeff->vec[i]: 0.000706474
Species number: 8
...
Buffer.name: CH
nOfAtoms: 5
Buffer.composition>vec[i]: 0x2b63df0
Buffer.dCoeff->vec[i]: 0.000975958
Species number: 9
...
Buffer.name: CH2
nOfAtoms: 5
Buffer.composition>vec[i]: 0x2b6d1a0
Buffer.dCoeff->vec[i]: 0.000492419
Species number: 10
...
Buffer.name: CH2(S)
nOfAtoms: 5
Buffer.composition>vec[i]: 0x2b6eba0
Buffer.dCoeff->vec[i]: 0.000492419
Species number: 11
...
Buffer.name: CH3
nOfAtoms: 5
Buffer.composition>vec[i]: 0x2b705a0
Buffer.dCoeff->vec[i]: 0.000475625
Species number: 12
...
Buffer.name: CH4
nOfAtoms: 5
Buffer.composition>vec[i]: 0x2b71fa0
Buffer.dCoeff->vec[i]: 0.00047381
Species number: 13
...
Buffer.name: CO
nOfAtoms: 5
Buffer.composition>vec[i]: 0x2b739a0
Buffer.dCoeff->vec[i]: 0.000377682
Species number: 14
...
Buffer.name: CO2
nOfAtoms: 5
Buffer.composition>vec[i]: 0x2b753a0
Buffer.dCoeff->vec[i]: 0.000283482
Species number: 15
...
Buffer.name: HCO
nOfAtoms: 5
Buffer.composition>vec[i]: 0x2b76da0
Buffer.dCoeff->vec[i]: 0.000383571
Species number: 16
...
Buffer.name: CH2O
nOfAtoms: 5
Buffer.composition>vec[i]: 0x2b6b310
Buffer.dCoeff->vec[i]: 0.000377078
Species number: 17
...
Buffer.name: CH2OH
nOfAtoms: 5
Buffer.composition>vec[i]: 0x2b7c320
Buffer.dCoeff->vec[i]: 0.000351073
Species number: 18
...
Buffer.name: CH3O
nOfAtoms: 5
Buffer.composition>vec[i]: 0x2b7dce0
Buffer.dCoeff->vec[i]: 0.000351073
Species number: 19
...
Buffer.name: CH3OH
nOfAtoms: 5
Buffer.composition>vec[i]: 0x2b7f6e0
Buffer.dCoeff->vec[i]: 0.000357811
Species number: 20
...
Buffer.name: C2H
nOfAtoms: 5
Buffer.composition>vec[i]: 0x2b810e0
Buffer.dCoeff->vec[i]: 0.000316656
Species number: 21
...
Buffer.name: C2H2
nOfAtoms: 5
Buffer.composition>vec[i]: 0x2b82ae0
Buffer.dCoeff->vec[i]: 0.000310466
Species number: 22
...
Buffer.name: C2H3
nOfAtoms: 5
Buffer.composition>vec[i]: 0x2b844e0
Buffer.dCoeff->vec[i]: 0.000304625
Species number: 23
...
Buffer.name: C2H4
nOfAtoms: 5
Buffer.composition>vec[i]: 0x2b85ee0
Buffer.dCoeff->vec[i]: 0.000318851
Species number: 24
...
Buffer.name: C2H5
nOfAtoms: 5
Buffer.composition>vec[i]: 0x2b878e0
Buffer.dCoeff->vec[i]: 0.000266919
Species number: 25
...
Buffer.name: C2H6
nOfAtoms: 5
Buffer.composition>vec[i]: 0x2b892e0
Buffer.dCoeff->vec[i]: 0.000262407
Species number: 26
...
Buffer.name: HCCO
nOfAtoms: 5
Buffer.composition>vec[i]: 0x2b8ace0
Buffer.dCoeff->vec[i]: 0.000665195
Species number: 27
...
Buffer.name: CH2CO
nOfAtoms: 5
Buffer.composition>vec[i]: 0x2b8c6e0
Buffer.dCoeff->vec[i]: 0.000260602
Species number: 28
...
Buffer.name: HCCOH
nOfAtoms: 5
Buffer.composition>vec[i]: 0x2b8e0e0
Buffer.dCoeff->vec[i]: 0.000260602
Species number: 29
...
Buffer.name: N
nOfAtoms: 5
Buffer.composition>vec[i]: 0x2b8fae0
Buffer.dCoeff->vec[i]: 0.000654107
Species number: 30
...
Buffer.name: NH
nOfAtoms: 5
Buffer.composition>vec[i]: 0x2b914e0
Buffer.dCoeff->vec[i]: 0.000978523
Species number: 31
...
Buffer.name: NH2
nOfAtoms: 5
Buffer.composition>vec[i]: 0x2b92ee0
Buffer.dCoeff->vec[i]: 0.00094725
Species number: 32
...
Buffer.name: NH3
nOfAtoms: 5
Buffer.composition>vec[i]: 0x2b7a290
Buffer.dCoeff->vec[i]: 0.000756737
Species number: 33
...
Buffer.name: NNH
nOfAtoms: 5
Buffer.composition>vec[i]: 0x2b7a8b0
Buffer.dCoeff->vec[i]: 0.00034265
Species number: 34
...
Buffer.name: NO
nOfAtoms: 5
Buffer.composition>vec[i]: 0x2b9c0d0
Buffer.dCoeff->vec[i]: 0.000370748
Species number: 35
...
Buffer.name: NO2
nOfAtoms: 5
Buffer.composition>vec[i]: 0x2b9dad0
Buffer.dCoeff->vec[i]: 0.000320484
Species number: 36
...
Buffer.name: N2O
nOfAtoms: 5
Buffer.composition>vec[i]: 0x2b9f4d0
Buffer.dCoeff->vec[i]: 0.000273905
Species number: 37
...
Buffer.name: HNO
nOfAtoms: 5
Buffer.composition>vec[i]: 0x2ba0ed0
Buffer.dCoeff->vec[i]: 0.000392115
Species number: 38
...
Buffer.name: CN
nOfAtoms: 5
Buffer.composition>vec[i]: 0x2ba28d0
Buffer.dCoeff->vec[i]: 0.000351108
Species number: 39
...
Buffer.name: HCN
nOfAtoms: 5
Buffer.composition>vec[i]: 0x2ba42d0
Buffer.dCoeff->vec[i]: 0.000388731
Species number: 40
...
Buffer.name: H2CN
nOfAtoms: 5
Buffer.composition>vec[i]: 0x2ba5cd0
Buffer.dCoeff->vec[i]: 0.000381678
Species number: 41
...
Buffer.name: HCNN
nOfAtoms: 5
Buffer.composition>vec[i]: 0x2ba76d0
Buffer.dCoeff->vec[i]: 0.000665113
Species number: 42
...
Buffer.name: HCNO
nOfAtoms: 5
Buffer.composition>vec[i]: 0x2ba90d0
Buffer.dCoeff->vec[i]: 0.000277044
Species number: 43
...
Buffer.name: HOCN
nOfAtoms: 5
Buffer.composition>vec[i]: 0x2baaad0
Buffer.dCoeff->vec[i]: 0.000277044
Species number: 44
...
Buffer.name: HNCO
nOfAtoms: 5
Buffer.composition>vec[i]: 0x2bac4d0
Buffer.dCoeff->vec[i]: 0.000277044
Species number: 45
...
Buffer.name: NCO
nOfAtoms: 5
Buffer.composition>vec[i]: 0x2baded0
Buffer.dCoeff->vec[i]: 0.000280348
Species number: 46
...
Buffer.name: N2
nOfAtoms: 5
Buffer.composition>vec[i]: 0x2baf8d0
Buffer.dCoeff->vec[i]: 0.000383688
Species number: 47
...
Buffer.name: AR
nOfAtoms: 5
Buffer.composition>vec[i]: 0x2bb12d0
Buffer.dCoeff->vec[i]: 0.000379956
Species number: 48
...
Buffer.name: C3H7
nOfAtoms: 5
Buffer.composition>vec[i]: 0x2bb2cd0
Buffer.dCoeff->vec[i]: 0.000163453
Species number: 49
...
Buffer.name: C3H8
nOfAtoms: 5
Buffer.composition>vec[i]: 0x2bb46d0
Buffer.dCoeff->vec[i]: 0.000161574
Species number: 50
...
Buffer.name: CH2CHO
nOfAtoms: 5
Buffer.composition>vec[i]: 0x2bb60d0
Buffer.dCoeff->vec[i]: 0.000257532
Species number: 51
...
Buffer.name: CH3CHO
nOfAtoms: 5
Buffer.composition>vec[i]: 0x2bb7ad0
Buffer.dCoeff->vec[i]: 0.000254569
Species number: 52
...
Buffer.name: VTAR1
nOfAtoms: 5
Buffer.composition>vec[i]: 0x2bb94d0
Buffer.dCoeff->vec[i]: 8.62215e-05
Species number: 53
...
Buffer.name: VTAR2
nOfAtoms: 5
Buffer.composition>vec[i]: 0x2bbaed0
Buffer.dCoeff->vec[i]: 8.90339e-05
Species number: 54
...
Buffer.name: VTAR3
nOfAtoms: 5
Buffer.composition>vec[i]: 0x2bbc8d0
Buffer.dCoeff->vec[i]: 0.000474163
Species number: 55
...
Buffer.name: BTX2
nOfAtoms: 5
Buffer.composition>vec[i]: 0x2bbe2d0
Buffer.dCoeff->vec[i]: 0.000533402
Species number: 56
...
Buffer.name: COALSOLIDCOAL1
nOfAtoms: 5
Buffer.composition>vec[i]: 0x2bbfcd0
Buffer.dCoeff->vec[i]: 0.000159298
Species number: 57
...
Buffer.name: COALSOLIDGCOAL1
nOfAtoms: 5
Buffer.composition>vec[i]: 0x2bc16d0
Buffer.dCoeff->vec[i]: 6.27623e-05
Species number: 58
...
Buffer.name: COALSOLIDGCH2
nOfAtoms: 5
Buffer.composition>vec[i]: 0x2bc30d0
Buffer.dCoeff->vec[i]: 0.000480466
Species number: 59
...
Buffer.name: COALSOLIDCHAR
nOfAtoms: 5
Buffer.composition>vec[i]: 0x2bc4ad0
Buffer.dCoeff->vec[i]: 0.00023201
Species number: 60
...
Buffer.name: COALSOLIDCHARH
nOfAtoms: 5
Buffer.composition>vec[i]: 0x2bc64d0
Buffer.dCoeff->vec[i]: 0.000152166
Species number: 61
...
Buffer.name: COALSOLIDTAR1
nOfAtoms: 5
Buffer.composition>vec[i]: 0x2bc7ed0
Buffer.dCoeff->vec[i]: 0.00023537
Species number: 62
...
Buffer.name: COALSOLIDCOAL2
nOfAtoms: 5
Buffer.composition>vec[i]: 0x2bc98d0
Buffer.dCoeff->vec[i]: 0.000126301
Species number: 63
...
Buffer.name: COALSOLIDGBTX2
nOfAtoms: 5
Buffer.composition>vec[i]: 0x2bcb2d0
Buffer.dCoeff->vec[i]: 0.000104788
Species number: 64
...
Buffer.name: COALSOLIDGCH4
nOfAtoms: 5
Buffer.composition>vec[i]: 0x2b6b200
Buffer.dCoeff->vec[i]: 0.000653943
Species number: 65
...
Buffer.name: COALSOLIDGCOH2
nOfAtoms: 5
Buffer.composition>vec[i]: 0x2b983b0
Buffer.dCoeff->vec[i]: 0.000351938
Species number: 66
...
Buffer.name: COALSOLIDGCO2S
nOfAtoms: 5
Buffer.composition>vec[i]: 0x2b97210
Buffer.dCoeff->vec[i]: 9.80595e-05
Species number: 67
...
Buffer.name: COALSOLIDGH2O
nOfAtoms: 5
Buffer.composition>vec[i]: 0x2b94360
Buffer.dCoeff->vec[i]: 0.000390305
Species number: 68
...
Buffer.name: COALSOLIDGCOL
nOfAtoms: 5
Buffer.composition>vec[i]: 0x2b95f10
Buffer.dCoeff->vec[i]: 0.000283896
Species number: 69
...
Buffer.name: COALSOLIDTAR2
nOfAtoms: 5
Buffer.composition>vec[i]: 0x2b97a40
Buffer.dCoeff->vec[i]: 3.46427e-05
Species number: 70
...
Buffer.name: COALSOLIDGCO2TS
nOfAtoms: 5
Buffer.composition>vec[i]: 0x2b98ae0
Buffer.dCoeff->vec[i]: 8.8933e-05
Species number: 71
...
Buffer.name: COALSOLIDCOAL3
nOfAtoms: 5
Buffer.composition>vec[i]: 0x2b96880
Buffer.dCoeff->vec[i]: 3.69719e-05
Species number: 72
...
Buffer.name: COALSOLIDGCOAL3
nOfAtoms: 5
Buffer.composition>vec[i]: 0x2b96a20
Buffer.dCoeff->vec[i]: 8.8933e-05
Species number: 73
...
Buffer.name: COALSOLIDTAR3
nOfAtoms: 5
Buffer.composition>vec[i]: 0x2be0a80
Buffer.dCoeff->vec[i]: 7.37092e-05
Species number: 74
...
Buffer.name: COALSOLIDGCO2
nOfAtoms: 5
Buffer.composition>vec[i]: 0x2be2480
Buffer.dCoeff->vec[i]: 0.000199414
Species number: 75
...
Buffer.name: COALSOLIDCHARG
nOfAtoms: 5
Buffer.composition>vec[i]: 0x2be3e80
Buffer.dCoeff->vec[i]: 0.000978028
Species number: 76
...
fInitialParticleMass:0.000000
fInitialParticleRadius:0.000045
fInitialParticlePorosity:1.000000
fNOfCoalSolid:0
fInitialParticleDensity1300.000000
fGamma:2
fDeltaTMax:0.001000
fNGridPoints:98
fNPrintGridPoints>100
fNIntGridPoints:101
fNSolidGridPoints>30
fNFarFieldGridPoint:70
fInterfGPL:28
fInterfGPR:29
nOfSpecies>77
fNOfEquations81
TCoal, nOfGasReactions:634,  nOfSpecies:77
TCoal, nOfSpecies:   77
TCoal, nOfGasReactions:   634
TCoal, nPyrolysisReactions:   0
TCoal, nCharOxdReactions:   0
TTransCoalParticle-InitTTransCoalParticle, nOfSpecies:77, fFirstSpecies:4
Initial particle mass is 0 g and radius is 45 micron
TTransCoalParticle-SetInitialBC, nOfSpecies:77, nCoalSolid:0, nSpeciesInSystem:77TTransCoalParticle-SetInitialBC, fFirstSpecies:4, fFirstCoalSolid:81End-InitTTransCoalParticle1
End-InitTTransCoalParticle2
End-InitTTransCoalParticle3
TTransCoalParticle-fNOfEquations:81
TTransCoalParticle-fNIntGridPoints:101
Initialize-nOfSpecies:77
Initialize-nSpeciesIn:77
Initialize-nCoalSolid:0

Using linear solver method to initialize time terms
InitTimeTerms-nOfSpecies:77 , InitTimeTerms-nCoalSolid:0 , InitTimeTerms-nSpeciesIn: 77


 ***MESSAGE FROM ROUTINE DDASSL IN LIBRARY SLATEC.
 ***POTENTIALLY RECOVERABLE ERROR, PROGRAM CONTINUES.
 *  AT T =    0.000000D+00  AND STEPSIZE H =    1.457846D-05  THE ITERATION
 *  MATRIX IS SINGULAR
 *  ERROR NUMBER = -8
 *   
 ***END OF MESSAGE
 
t 1 = 1.00e-04 
*****FirstImpliStep-Begin
*****FirstImpliStep-End
t 2 = 1.00e-04 
### Nodes assigned to job #####################################
n23m0123,r23m0124
### Number of cores per node ################################
96(x2)
### Total number of tasks for job ##############################
96
------------------------------------------------------------------------------
